Arguments: 
  /usr/local/Cellar/node@10/10.15.0/bin/node /Users/brendankim/.npm-packages/lib/node_modules/yarn/bin/yarn.js start

PATH: 
  /Users/brendankim:/.npm-packages/bin:/usr/local/bin:/usr/bin:/bin:/usr/sbin:/sbin:/Users/brendankim/.npm-packages/lib/node_modules/yarn/bin:/Users/brendankim/.npm-packages/bin:/Users/brendankim:/.npm-packages/bin

Yarn version: 
  1.5.1

Node version: 
  10.15.0

Platform: 
  darwin x64

npm manifest: 
  {
    "name": "ecomm-project",
    "version": "1.0.0",
    "main": "index.js",
    "repository": "https://github.com/brendankim93/ecomm-project.git",
    "author": "brendankim93 <31469167+brendankim93@users.noreply.github.com>",
    "license": "MIT"
  }

yarn manifest: 
  No manifest

Lockfile: 
  No lockfile

Trace: 
  Error: Command "start" not found.
      at new MessageError (/Users/brendankim/.npm-packages/lib/node_modules/yarn/lib/cli.js:186:110)
      at /Users/brendankim/.npm-packages/lib/node_modules/yarn/lib/cli.js:87307:17
      at Generator.next (<anonymous>)
      at step (/Users/brendankim/.npm-packages/lib/node_modules/yarn/lib/cli.js:98:30)
      at /Users/brendankim/.npm-packages/lib/node_modules/yarn/lib/cli.js:116:14
      at new Promise (<anonymous>)
      at new F (/Users/brendankim/.npm-packages/lib/node_modules/yarn/lib/cli.js:23451:28)
      at /Users/brendankim/.npm-packages/lib/node_modules/yarn/lib/cli.js:95:12
      at runCommand (/Users/brendankim/.npm-packages/lib/node_modules/yarn/lib/cli.js:87312:22)
      at Object.<anonymous> (/Users/brendankim/.npm-packages/lib/node_modules/yarn/lib/cli.js:87412:14)
